<?xml version="1.0" encoding="UTF-8"?>
<!-- Generated by org.testng.reporters.JUnitReportReporter -->
<testsuite skipped="0" hostname="DESKTOP-SAPMBF5" name="ApiRest2.Controller.UsuarioControllerTest" tests="10" failures="0" timestamp="20 jun 2017 22:44:01 GMT" time="5.480" errors="0">
  <testcase name="checkSessionTest" time="0.462" classname="ApiRest2.Controller.UsuarioControllerTest"/>
  <testcase name="testListarUsuariosNoContent" time="0.556" classname="ApiRest2.Controller.UsuarioControllerTest"/>
  <testcase name="logoutOk" time="0.678" classname="ApiRest2.Controller.UsuarioControllerTest"/>
  <testcase name="testLoginForbidden" time="0.664" classname="ApiRest2.Controller.UsuarioControllerTest"/>
  <testcase name="testAgregarUsuario" time="0.403" classname="ApiRest2.Controller.UsuarioControllerTest"/>
  <testcase name="testListarUsuariosOk" time="0.439" classname="ApiRest2.Controller.UsuarioControllerTest"/>
  <testcase name="testListarUsuariosByNameOk" time="0.518" classname="ApiRest2.Controller.UsuarioControllerTest"/>
  <testcase name="testLoginOk" time="0.622" classname="ApiRest2.Controller.UsuarioControllerTest"/>
  <testcase name="testListarUsuariosByNameNotFound" time="0.495" classname="ApiRest2.Controller.UsuarioControllerTest"/>
  <testcase name="testDeleteUserOk" time="0.643" classname="ApiRest2.Controller.UsuarioControllerTest"/>
</testsuite> <!-- ApiRest2.Controller.UsuarioControllerTest -->
