<?xml version="1.0" encoding="UTF-8"?>
<!-- Generated by org.testng.reporters.JUnitReportReporter -->
<testsuite skipped="0" hostname="DESKTOP-SAPMBF5" name="ApiRest2.AuthFilterTest" tests="1" failures="0" timestamp="20 jun 2017 22:44:01 GMT" time="10.550" errors="0">
  <testcase name="doFilterTest" time="10.550" classname="ApiRest2.AuthFilterTest"/>
</testsuite> <!-- ApiRest2.AuthFilterTest -->
