<?xml version="1.0" encoding="UTF-8"?>
<!-- Generated by org.testng.reporters.JUnitReportReporter -->
<testsuite skipped="0" hostname="DESKTOP-SAPMBF5" name="ApiRest2.AppTest" tests="1" failures="0" timestamp="15 jun 2017 16:22:47 GMT" time="0.032" errors="0">
  <testcase name="testApp" time="0.032" classname="ApiRest2.AppTest"/>
</testsuite> <!-- ApiRest2.AppTest -->
