<?xml version="1.0" encoding="UTF-8"?>
<!-- Generated by org.testng.reporters.JUnitReportReporter -->
<testsuite skipped="0" hostname="DESKTOP-SAPMBF5" name="ApiRest2.Controller.MensajeControllerTest" tests="7" failures="0" timestamp="20 jun 2017 22:44:01 GMT" time="5.691" errors="0">
  <testcase name="testGetInboxNoContent" time="1.109" classname="ApiRest2.Controller.MensajeControllerTest"/>
  <testcase name="testEnviarMensajeOk" time="1.024" classname="ApiRest2.Controller.MensajeControllerTest"/>
  <testcase name="testGetTrashOk" time="0.504" classname="ApiRest2.Controller.MensajeControllerTest"/>
  <testcase name="testGetOutboxNoContent" time="0.474" classname="ApiRest2.Controller.MensajeControllerTest"/>
  <testcase name="testGetOutboxOk" time="1.079" classname="ApiRest2.Controller.MensajeControllerTest"/>
  <testcase name="testGetInboxOk" time="0.453" classname="ApiRest2.Controller.MensajeControllerTest"/>
  <testcase name="testBorrarMensajeOk" time="1.048" classname="ApiRest2.Controller.MensajeControllerTest"/>
</testsuite> <!-- ApiRest2.Controller.MensajeControllerTest -->
