<?xml version="1.0" encoding="UTF-8"?>
<!-- Generated by org.testng.reporters.JUnitReportReporter -->
<testsuite skipped="0" hostname="DESKTOP-SAPMBF5" name="ApiRest2.Entities.UsuarioTest" tests="9" failures="0" timestamp="15 jun 2017 16:22:47 GMT" time="0.096" errors="0">
  <testcase name="testCiudad" time="0.016" classname="ApiRest2.Entities.UsuarioTest"/>
  <testcase name="testDireccion" time="0.016" classname="ApiRest2.Entities.UsuarioTest"/>
  <testcase name="testApellido" time="0.016" classname="ApiRest2.Entities.UsuarioTest"/>
  <testcase name="testNombre" time="0.016" classname="ApiRest2.Entities.UsuarioTest"/>
  <testcase name="testPais" time="0.000" classname="ApiRest2.Entities.UsuarioTest"/>
  <testcase name="testContrasena" time="0.016" classname="ApiRest2.Entities.UsuarioTest"/>
  <testcase name="testUsername" time="0.016" classname="ApiRest2.Entities.UsuarioTest"/>
  <testcase name="testEmail" time="0.000" classname="ApiRest2.Entities.UsuarioTest"/>
  <testcase name="testTelefono" time="0.000" classname="ApiRest2.Entities.UsuarioTest"/>
</testsuite> <!-- ApiRest2.Entities.UsuarioTest -->
